<component name="libraryTable">
  <library name="junit" type="repository">
    <properties maven-id="junit:junit:4.4" />
    <CLASSES>
      <root url="jar://$MAVEN_REPOSITORY$/junit/junit/4.4/junit-4.4.jar!/" />
    </CLASSES>
    <JAVADOC>
      <root url="jar://$MAVEN_REPOSITORY$/junit/junit/4.4/junit-4.4-javadoc.jar!/" />
    </JAVADOC>
    <SOURCES />
  </library>
</component>